<?xml version="1.0" encoding="UTF-8"?>
<testsuite xmlns:xsi="http://www.w3.org/2001/XMLSchema-instance" xsi:noNamespaceSchemaLocation="https://maven.apache.org/surefire/maven-surefire-plugin/xsd/surefire-test-report-3.0.xsd" version="3.0" name="com.fooddelivery.common.security.IdentityTokenServiceTest" time="0.17" tests="6" errors="0" skipped="0" failures="0">
  <properties>
[...]
</properties>
  <testcase name="shouldRejectTamperedSignature" classname="com.fooddelivery.common.security.IdentityTokenServiceTest" time="0.09"/>
  <testcase name="prodAcceptsARealSecret" classname="com.fooddelivery.common.security.IdentityTokenServiceTest" time="0.002"/>
  <testcase name="prodRefusesTheDevSecret" classname="com.fooddelivery.common.security.IdentityTokenServiceTest" time="0.002"/>
  <testcase name="matchesTheCrossImplementationVector" classname="com.fooddelivery.common.security.IdentityTokenServiceTest" time="0.002"/>
  <testcase name="shouldGenerateAndVerifyValidSignature" classname="com.fooddelivery.common.security.IdentityTokenServiceTest" time="0.002"/>
  <testcase name="prodRefusesABlankSecret" classname="com.fooddelivery.common.security.IdentityTokenServiceTest" time="0.002"/>
</testsuite>